{
    "RSpec": {
        "coverage": {
            "/mnt/e/Projects/web-4/assignments/app/models/user.rb": {
                "lines": [
                    1,
                    null,
                    null,
                    1,
                    null,
                    null,
                    null,
                    1,
                    1,
                    2,
                    2,
                    2,
                    null,
                    null,
                    null,
                    1,
                    6,
                    null,
                    null
                ]
            },
            "/mnt/e/Projects/web-4/assignments/app/models/application_record.rb": {
                "lines": [
                    1,
                    1,
                    null
                ]
            },
            "/mnt/e/Projects/web-4/assignments/app/models/quotation.rb": {
                "lines": [
                    1,
                    1,
                    1,
                    1,
                    1,
                    null
                ]
            },
            "/mnt/e/Projects/web-4/assignments/app/models/su_member.rb": {
                "lines": [
                    1,
                    1,
                    1,
                    1,
                    1,
                    1,
                    1,
                    1,
                    null
                ]
            },
            "/mnt/e/Projects/web-4/assignments/app/controllers/basics_controller.rb": {
                "lines": [
                    1,
                    1,
                    1,
                    null,
                    1,
                    1,
                    1,
                    1,
                    1,
                    1,
                    1,
                    1,
                    1,
                    1,
                    null,
                    1,
                    null,
                    null,
                    1,
                    20,
                    20,
                    20,
                    20,
                    20,
                    20,
                    null,
                    1,
                    null,
                    null,
                    1,
                    1,
                    1,
                    1,
                    1,
                    null,
                    1,
                    1,
                    1,
                    1,
                    1,
                    1,
                    1,
                    1,
                    1,
                    1,
                    1,
                    1,
                    1,
                    1,
                    1,
                    null,
                    null,
                    null,
                    1,
                    1,
                    14,
                    14,
                    14,
                    14,
                    null,
                    14,
                    null,
                    1,
                    null,
                    null,
                    1,
                    1,
                    1,
                    null,
                    null,
                    1,
                    1,
                    1,
                    null,
                    1,
                    1,
                    null,
                    null,
                    1,
                    null,
                    1,
                    9,
                    null,
                    null,
                    1,
                    9,
                    null,
                    9,
                    null,
                    9,
                    2,
                    1,
                    1,
                    1,
                    null,
                    1,
                    1,
                    null,
                    1,
                    null,
                    null,
                    null,
                    9,
                    2,
                    1,
                    null,
                    null,
                    1,
                    null,
                    null,
                    2,
                    2,
                    2,
                    null,
                    null,
                    null,
                    9,
                    2,
                    2,
                    null,
                    7,
                    7,
                    null,
                    null,
                    9,
                    1,
                    null,
                    1,
                    null,
                    9,
                    1,
                    null,
                    8,
                    null,
                    null,
                    9,
                    9,
                    null,
                    null,
                    1,
                    null,
                    null,
                    null,
                    null,
                    null,
                    null,
                    null,
                    null,
                    null,
                    null,
                    9,
                    9,
                    9,
                    9,
                    null,
                    null,
                    null,
                    1,
                    9,
                    null,
                    2,
                    null,
                    1,
                    1,
                    null,
                    2,
                    2,
                    13,
                    13,
                    null,
                    13,
                    null,
                    null,
                    null,
                    null
                ]
            },
            "/mnt/e/Projects/web-4/assignments/app/controllers/application_controller.rb": {
                "lines": [
                    1,
                    1,
                    null,
                    1,
                    20,
                    null,
                    null
                ]
            },
            "/mnt/e/Projects/web-4/assignments/app/helpers/application_helper.rb": {
                "lines": [
                    1,
                    null
                ]
            },
            "/mnt/e/Projects/web-4/assignments/app/helpers/admin_helper.rb": {
                "lines": [
                    1,
                    null
                ]
            },
            "/mnt/e/Projects/web-4/assignments/app/helpers/basics_helper.rb": {
                "lines": [
                    1,
                    null
                ]
            },
            "/mnt/e/Projects/web-4/assignments/app/helpers/omniauth_helper.rb": {
                "lines": [
                    1,
                    null
                ]
            },
            "/mnt/e/Projects/web-4/assignments/app/helpers/plan_helper.rb": {
                "lines": [
                    1,
                    null
                ]
            },
            "/mnt/e/Projects/web-4/assignments/app/helpers/site_helper.rb": {
                "lines": [
                    1,
                    null
                ]
            },
            "/mnt/e/Projects/web-4/assignments/app/helpers/su_information_helper.rb": {
                "lines": [
                    1,
                    null
                ]
            },
            "/mnt/e/Projects/web-4/assignments/app/controllers/plan_controller.rb": {
                "lines": [
                    1,
                    null
                ]
            },
            "/mnt/e/Projects/web-4/assignments/app/controllers/su_information_controller.rb": {
                "lines": [
                    1,
                    1,
                    1,
                    1,
                    null,
                    1,
                    1,
                    1,
                    1,
                    2,
                    1,
                    null,
                    0,
                    0,
                    null,
                    null,
                    null,
                    1,
                    1,
                    1,
                    null,
                    null
                ]
            },
            "/mnt/e/Projects/web-4/assignments/app/controllers/omniauth_controller.rb": {
                "lines": [
                    1,
                    null,
                    null,
                    1,
                    null,
                    2,
                    2,
                    null,
                    1,
                    null,
                    null,
                    1,
                    1,
                    null,
                    null,
                    null,
                    1,
                    0,
                    0,
                    null,
                    null
                ]
            },
            "/mnt/e/Projects/web-4/assignments/app/controllers/admin_controller.rb": {
                "lines": [
                    1,
                    1,
                    3,
                    3,
                    3,
                    3,
                    3,
                    3,
                    3,
                    3,
                    0,
                    0,
                    0,
                    0,
                    null,
                    null,
                    null,
                    1,
                    1,
                    1,
                    null,
                    null,
                    1,
                    1,
                    1,
                    null,
                    null,
                    1,
                    3,
                    null,
                    null,
                    null,
                    null,
                    null,
                    null,
                    null,
                    null,
                    null,
                    null,
                    null
                ]
            },
            "/mnt/e/Projects/web-4/assignments/app/controllers/site_controller.rb": {
                "lines": [
                    1,
                    null
                ]
            }
        },
        "timestamp": 1634904071
    }
}