{
  "RSpec": {
    "coverage": {
      "/home/mufaddal/Projects/web4/web4-app/assignments/app/models/user.rb": {
        "lines": [
          1,
          1,
          null,
          null,
          1,
          null,
          null,
          1,
          1,
          1,
          1,
          1,
          null,
          1,
          1,
          2,
          2,
          2,
          null,
          null,
          null,
          1,
          13,
          null,
          null,
          1,
          7,
          null,
          null
        ]
      },
      "/home/mufaddal/Projects/web4/web4-app/assignments/app/models/application_record.rb": {
        "lines": [
          1,
          1,
          null
        ]
      },
      "/home/mufaddal/Projects/web4/web4-app/assignments/app/models/complain.rb": {
        "lines": [
          1,
          1,
          1,
          1,
          1,
          1,
          1,
          1,
          1,
          null
        ]
      },
      "/home/mufaddal/Projects/web4/web4-app/assignments/app/models/event.rb": {
        "lines": [
          1,
          1,
          1,
          1,
          1,
          1,
          1,
          null
        ]
      },
      "/home/mufaddal/Projects/web4/web4-app/assignments/app/models/quotation.rb": {
        "lines": [
          1,
          1,
          1,
          1,
          1,
          null
        ]
      },
      "/home/mufaddal/Projects/web4/web4-app/assignments/app/models/su_member.rb": {
        "lines": [
          1,
          1,
          1,
          1,
          1,
          1,
          1,
          1,
          1,
          1,
          null,
          1,
          0,
          null,
          null,
          0,
          null,
          null,
          null,
          0,
          0,
          null,
          null,
          null,
          null
        ]
      },
      "/home/mufaddal/Projects/web4/web4-app/assignments/app/models/tag.rb": {
        "lines": [
          1,
          1,
          1,
          1,
          1,
          1,
          1,
          null
        ]
      },
      "/home/mufaddal/Projects/web4/web4-app/assignments/app/controllers/su_information_controller.rb": {
        "lines": [
          1,
          1,
          null,
          1,
          2,
          2,
          4,
          null,
          2,
          2,
          null,
          2,
          1,
          1,
          2,
          1,
          null,
          null,
          null,
          null,
          null,
          1,
          2,
          1,
          null,
          1,
          null,
          2,
          null,
          null,
          1,
          2,
          2,
          1,
          null,
          1,
          null,
          2,
          null,
          null,
          null,
          1,
          1,
          1,
          1,
          null,
          null,
          1,
          null,
          1,
          3,
          null,
          null,
          1,
          4,
          null,
          null,
          null
        ]
      },
      "/home/mufaddal/Projects/web4/web4-app/assignments/app/controllers/application_controller.rb": {
        "lines": [
          1,
          1,
          null,
          1,
          48,
          null,
          null
        ]
      },
      "/home/mufaddal/Projects/web4/web4-app/assignments/app/helpers/admin_helper.rb": {
        "lines": [
          1,
          null
        ]
      },
      "/home/mufaddal/Projects/web4/web4-app/assignments/app/helpers/basics_helper.rb": {
        "lines": [
          1,
          null
        ]
      },
      "/home/mufaddal/Projects/web4/web4-app/assignments/app/helpers/contact_helper.rb": {
        "lines": [
          1,
          null
        ]
      },
      "/home/mufaddal/Projects/web4/web4-app/assignments/app/helpers/events_helper.rb": {
        "lines": [
          1,
          null
        ]
      },
      "/home/mufaddal/Projects/web4/web4-app/assignments/app/helpers/omniauth_helper.rb": {
        "lines": [
          1,
          null
        ]
      },
      "/home/mufaddal/Projects/web4/web4-app/assignments/app/helpers/plan_helper.rb": {
        "lines": [
          1,
          null
        ]
      },
      "/home/mufaddal/Projects/web4/web4-app/assignments/app/helpers/registrations_helper.rb": {
        "lines": [
          1,
          null
        ]
      },
      "/home/mufaddal/Projects/web4/web4-app/assignments/app/helpers/site_helper.rb": {
        "lines": [
          1,
          null
        ]
      },
      "/home/mufaddal/Projects/web4/web4-app/assignments/app/helpers/su_information_helper.rb": {
        "lines": [
          1,
          null
        ]
      },
      "/home/mufaddal/Projects/web4/web4-app/assignments/app/controllers/contact_controller.rb": {
        "lines": [
          1,
          1,
          1,
          1,
          null,
          null,
          1,
          2,
          2,
          1,
          1,
          null,
          1,
          null,
          null,
          null,
          1,
          null,
          1,
          2,
          null,
          null,
          1,
          3,
          null,
          null
        ]
      },
      "/home/mufaddal/Projects/web4/web4-app/assignments/app/controllers/plan_controller.rb": {
        "lines": [
          1,
          null
        ]
      },
      "/home/mufaddal/Projects/web4/web4-app/assignments/app/controllers/admin_controller.rb": {
        "lines": [
          1,
          1,
          1,
          1,
          8,
          8,
          5,
          1,
          4,
          1,
          null,
          5,
          null,
          8,
          8,
          8,
          null,
          null,
          null,
          null,
          null,
          null,
          null,
          null,
          null,
          null,
          null,
          null,
          1,
          1,
          1,
          null,
          null,
          1,
          1,
          1,
          null,
          null,
          1,
          1,
          1,
          1,
          null,
          null,
          1,
          2,
          2,
          2,
          1,
          1,
          1,
          null,
          null,
          2,
          2,
          1,
          1,
          1,
          null,
          null,
          2,
          2,
          2,
          null,
          null,
          2,
          null,
          null,
          1,
          2,
          2,
          2,
          2,
          2,
          null,
          null,
          null,
          null,
          null,
          null,
          null,
          null,
          null,
          null,
          null,
          null,
          null,
          null,
          null,
          null,
          null,
          1,
          3,
          1,
          null,
          2,
          null,
          null,
          3,
          3,
          3,
          3,
          null,
          null,
          1,
          1,
          1,
          null,
          null,
          null,
          null,
          null,
          null,
          1,
          2,
          2,
          1,
          null,
          1,
          null,
          2,
          null,
          null,
          1,
          3,
          1,
          0,
          null,
          1,
          null,
          1,
          null,
          2,
          1,
          null,
          null,
          1,
          null,
          2,
          null,
          null,
          null,
          1,
          2,
          1,
          1,
          1,
          1,
          1,
          1,
          null,
          null,
          null,
          1,
          null,
          1,
          5,
          5,
          null,
          null,
          1,
          4,
          null,
          null,
          1,
          1,
          null,
          null,
          1,
          19,
          null,
          null
        ]
      },
      "/home/mufaddal/Projects/web4/web4-app/assignments/app/controllers/site_controller.rb": {
        "lines": [
          1,
          1,
          1,
          null,
          null
        ]
      },
      "/home/mufaddal/Projects/web4/web4-app/assignments/app/controllers/registrations_controller.rb": {
        "lines": [
          1,
          1,
          1,
          null,
          null
        ]
      },
      "/home/mufaddal/Projects/web4/web4-app/assignments/app/controllers/omniauth_controller.rb": {
        "lines": [
          1,
          null,
          null,
          1,
          null,
          2,
          2,
          null,
          1,
          null,
          null,
          1,
          1,
          null,
          null,
          null,
          1,
          0,
          0,
          null,
          null
        ]
      },
      "/home/mufaddal/Projects/web4/web4-app/assignments/app/controllers/basics_controller.rb": {
        "lines": [
          1,
          1,
          1,
          null,
          1,
          1,
          1,
          1,
          1,
          1,
          1,
          1,
          1,
          1,
          null,
          1,
          null,
          null,
          1,
          20,
          20,
          20,
          20,
          20,
          20,
          null,
          1,
          null,
          null,
          1,
          1,
          1,
          1,
          1,
          null,
          1,
          1,
          1,
          1,
          1,
          1,
          1,
          1,
          1,
          1,
          1,
          1,
          1,
          1,
          1,
          null,
          null,
          null,
          1,
          1,
          10,
          10,
          10,
          10,
          null,
          10,
          null,
          1,
          null,
          null,
          1,
          1,
          1,
          null,
          null,
          1,
          1,
          1,
          null,
          1,
          1,
          null,
          null,
          1,
          null,
          1,
          9,
          null,
          null,
          1,
          9,
          null,
          9,
          null,
          9,
          2,
          1,
          1,
          1,
          null,
          1,
          1,
          null,
          1,
          null,
          null,
          null,
          9,
          2,
          1,
          null,
          null,
          1,
          null,
          null,
          2,
          2,
          2,
          null,
          null,
          null,
          9,
          2,
          2,
          null,
          7,
          7,
          null,
          null,
          9,
          1,
          null,
          1,
          null,
          9,
          1,
          null,
          8,
          null,
          null,
          9,
          9,
          null,
          null,
          1,
          null,
          null,
          null,
          null,
          null,
          null,
          null,
          null,
          null,
          null,
          9,
          9,
          9,
          9,
          null,
          null,
          null,
          1,
          9,
          null,
          2,
          null,
          1,
          1,
          null,
          2,
          2,
          18,
          18,
          null,
          18,
          null,
          null,
          null,
          null
        ]
      },
      "/home/mufaddal/Projects/web4/web4-app/assignments/app/controllers/events_controller.rb": {
        "lines": [
          1,
          1,
          null,
          1,
          1,
          1,
          0,
          0,
          null,
          1,
          null,
          null,
          null,
          1,
          0,
          null,
          null,
          1,
          1,
          1,
          1,
          0,
          0,
          null,
          null,
          1,
          1,
          null,
          0,
          null,
          null,
          null,
          1,
          0,
          0,
          0,
          null,
          0,
          null,
          null,
          null,
          1,
          null,
          null,
          1,
          null,
          null,
          1,
          0,
          0,
          0,
          0,
          0,
          null,
          null,
          0,
          0,
          null,
          0,
          0,
          null,
          null,
          null,
          null,
          1,
          0,
          0,
          0,
          0,
          0,
          null,
          null,
          null,
          1,
          0,
          0,
          0,
          0,
          null,
          null,
          1,
          1,
          1,
          null,
          null,
          1,
          0,
          null,
          null
        ]
      },
      "/home/mufaddal/Projects/web4/web4-app/assignments/app/mailers/gmail_api_mailer.rb": {
        "lines": [
          null,
          null,
          null,
          0,
          0,
          0,
          0,
          0,
          0,
          0,
          0,
          0,
          null,
          0,
          0,
          0,
          0,
          0,
          null,
          null,
          0,
          0,
          0,
          0,
          0,
          null,
          null,
          null,
          0,
          null,
          null,
          null,
          0,
          0,
          null,
          0,
          0,
          0,
          null,
          0,
          0,
          0,
          0,
          null,
          null,
          null,
          null,
          null,
          0,
          0,
          0,
          0,
          0,
          null,
          0,
          0,
          0,
          0,
          0,
          0,
          null,
          0,
          0,
          0,
          0,
          null,
          0,
          0,
          0,
          0,
          null,
          0,
          0
        ],
        "branches": {
        }
      }
    },
    "timestamp": 1638504485
  }
}
